<?xml version="1.0" encoding="UTF-8"?>
<!-- Generated by org.testng.reporters.JUnitReportReporter -->
<testsuite hostname="GT-TR-JEHANZAIB" name="cloudautomation.Login" tests="2" failures="0" timestamp="12 Sep 2017 06:01:10 GMT" time="9.886" errors="0">
  <testcase name="LoginUser" time="6.317" classname="cloudautomation.Login"/>
  <testcase name="step2" time="3.569" classname="cloudautomation.Login"/>
</testsuite> <!-- cloudautomation.Login -->
