<?xml version="1.0" encoding="UTF-8"?>
<!-- Generated by org.testng.reporters.JUnitReportReporter -->
<testsuite hostname="GT-TR-JEHANZAIB" name="cloudautomation.Signup" tests="1" failures="0" timestamp="12 Sep 2017 08:24:50 GMT" time="2.981" errors="0">
  <testcase name="signup" time="2.981" classname="cloudautomation.Signup"/>
</testsuite> <!-- cloudautomation.Signup -->
