<?xml version="1.0" encoding="UTF-8"?>
<!-- Generated by org.testng.reporters.JUnitReportReporter -->
<testsuite hostname="GT-TR-JEHANZAIB" name="cloudautomation.Signup" tests="1" failures="0" timestamp="11 Sep 2017 09:14:48 GMT" time="3.190" errors="0">
  <testcase name="signup" time="3.190" classname="cloudautomation.Signup"/>
</testsuite> <!-- cloudautomation.Signup -->
