<?xml version="1.0" encoding="UTF-8"?>
<!-- Generated by org.testng.reporters.JUnitReportReporter -->
<testsuite hostname="GT-TR-JEHANZAIB" name="cloudautomation.Login" tests="2" failures="0" timestamp="12 Sep 2017 08:39:20 GMT" time="10.667" errors="0">
  <testcase name="LoginUser" time="1.865" classname="cloudautomation.Login"/>
  <testcase name="step2" time="8.802" classname="cloudautomation.Login"/>
</testsuite> <!-- cloudautomation.Login -->
