<?xml version="1.0" encoding="UTF-8"?>
<!-- Generated by org.testng.reporters.JUnitReportReporter -->
<testsuite hostname="GT-TR-JEHANZAIB" name="cloudautomation.Login" tests="1" failures="0" timestamp="15 Sep 2017 07:18:49 GMT" time="6.102" errors="0">
  <testcase name="LoginUser" time="6.102" classname="cloudautomation.Login"/>
</testsuite> <!-- cloudautomation.Login -->
