<?xml version="1.0" encoding="UTF-8"?>
<!-- Generated by org.testng.reporters.JUnitReportReporter -->
<testsuite hostname="GT-TR-JEHANZAIB" name="cloudautomation.AddedServer" tests="1" failures="0" timestamp="13 Sep 2017 08:43:52 GMT" time="10.296" errors="0">
  <testcase name="step3" time="10.296" classname="cloudautomation.AddedServer"/>
</testsuite> <!-- cloudautomation.AddedServer -->
